<?xml version="1.0" encoding="UTF-8"?>
<!-- Generated by org.testng.reporters.JUnitReportReporter -->
<testsuite skipped="0" hostname="Akshay" name="com.framework.FlightSearchTest.FlightSearchTest" tests="1" failures="0" timestamp="2020-06-10T00:00:34 IST" time="24.174" errors="0">
  <testcase name="searchFlightFunctionalityTest" time="24.174" classname="com.framework.FlightSearchTest.FlightSearchTest"/>
</testsuite> <!-- com.framework.FlightSearchTest.FlightSearchTest -->
