<?xml version="1.0" encoding="UTF-8"?>
<!-- Generated by org.testng.reporters.JUnitReportReporter -->
<testsuite hostname="Akshay" name="com.framework.FlightSearchTest.FlightSearchTest" tests="1" failures="0" timestamp="5 Jun 2020 11:01:47 GMT" time="24.295" errors="0">
  <testcase name="searchBusinessFlightTest" time="24.295" classname="com.framework.FlightSearchTest.FlightSearchTest"/>
</testsuite> <!-- com.framework.FlightSearchTest.FlightSearchTest -->
