<?xml version="1.0" encoding="UTF-8"?>
<!-- Generated by org.testng.reporters.JUnitReportReporter -->
<testsuite hostname="Akshay" name="com.framework.FlightSearchTest.FlightSearchTest" tests="1" failures="0" timestamp="6 Jun 2020 12:47:49 GMT" time="19.591" errors="0">
  <testcase name="searchBusinessFlightTest" time="19.591" classname="com.framework.FlightSearchTest.FlightSearchTest"/>
</testsuite> <!-- com.framework.FlightSearchTest.FlightSearchTest -->
