<?xml version="1.0" encoding="UTF-8"?>
<!-- Generated by org.testng.reporters.JUnitReportReporter -->
<testsuite skipped="0" hostname="Akshay" name="com.framework.FlightSearchTest.FlightSearchTest" tests="1" failures="0" timestamp="2020-06-15T13:46:10 IST" time="25.186" errors="0">
  <testcase name="searchFlightFunctionalityTest" time="25.186" classname="com.framework.FlightSearchTest.FlightSearchTest"/>
</testsuite> <!-- com.framework.FlightSearchTest.FlightSearchTest -->
